0 info it worked if it ends with ok
1 verbose cli [ '/Users/Hyunho/.nvm/versions/node/v4.0.0/bin/node',
1 verbose cli   '/Users/Hyunho/.nvm/versions/node/v4.0.0/bin/npm',
1 verbose cli   'version',
1 verbose cli   'patch' ]
2 info using npm@2.14.2
3 info using node@v4.0.0
4 info git [ 'status', '--porcelain' ]
5 verbose stack Error: Git working directory not clean.
5 verbose stack M README.md
5 verbose stack D  bin/fp.js
5 verbose stack D  completion/bash
5 verbose stack D  completion/zsh
5 verbose stack D  lib/cli.js
5 verbose stack D  lib/completion.js
5 verbose stack D  lib/info.js
5 verbose stack D node_modules/.bin/nopt
5 verbose stack D node_modules/findup-sync/.npmignore
5 verbose stack D node_modules/findup-sync/LICENSE-MIT
5 verbose stack D node_modules/findup-sync/README.md
5 verbose stack D node_modules/findup-sync/lib/findup-sync.js
5 verbose stack D node_modules/findup-sync/node_modules/glob/LICENSE
5 verbose stack D node_modules/findup-sync/node_modules/glob/README.md
5 verbose stack D node_modules/findup-sync/node_modules/glob/common.js
5 verbose stack D node_modules/findup-sync/node_modules/glob/glob.js
5 verbose stack D node_modules/findup-sync/node_modules/glob/node_modules/inflight/.eslintrc
5 verbose stack D node_modules/findup-sync/node_modules/glob/node_modules/inflight/LICENSE
5 verbose stack D node_modules/findup-sync/node_modules/glob/node_modules/inflight/README.md
5 verbose stack D node_modules/findup-sync/node_modules/glob/node_modules/inflight/inflight.js
5 verbose stack D node_modules/findup-sync/node_modules/glob/node_modules/inflight/node_modules/wrappy/LICENSE
5 verbose stack D node_modules/findup-sync/node_modules/glob/node_modules/inflight/node_modules/wrappy/README.md
5 verbose stack D node_modules/findup-sync/node_modules/glob/node_modules/inflight/node_modules/wrappy/package.json
5 verbose stack D node_modules/findup-sync/node_modules/glob/node_modules/inflight/node_modules/wrappy/test/basic.js
5 verbose stack D node_modules/findup-sync/node_modules/glob/node_modules/inflight/node_modules/wrappy/wrappy.js
5 verbose stack D node_modules/findup-sync/node_modules/glob/node_modules/inflight/package.json
5 verbose stack D node_modules/findup-sync/node_modules/glob/node_modules/inflight/test.js
5 verbose stack D node_modules/findup-sync/node_modules/glob/node_modules/inherits/LICENSE
5 verbose stack D node_modules/findup-sync/node_modules/glob/node_modules/inherits/README.md
5 verbose stack D node_modules/findup-sync/node_modules/glob/node_modules/inherits/inherits.js
5 verbose stack D node_modules/findup-sync/node_modules/glob/node_modules/inherits/inherits_browser.js
5 verbose stack D node_modules/findup-sync/node_modules/glob/node_modules/inherits/package.json
5 verbose stack D node_modules/findup-sync/node_modules/glob/node_modules/inherits/test.js
5 verbose stack D node_modules/findup-sync/node_modules/glob/node_modules/minimatch/LICENSE
5 verbose stack D node_modules/findup-sync/node_modules/glob/node_modules/minimatch/README.md
5 verbose stack D node_modules/findup-sync/node_modules/glob/node_modules/minimatch/minimatch.js
5 verbose stack D node_modules/findup-sync/node_modules/glob/node_modules/minimatch/node_modules/brace-expansion/.npmignore
5 verbose stack D node_modules/findup-sync/node_modules/glob/node_modules/minimatch/node_modules/brace-expansion/README.md
5 verbose stack D node_modules/findup-sync/node_modules/glob/node_modules/minimatch/node_modules/brace-expansion/example.js
5 verbose stack D node_modules/findup-sync/node_modules/glob/node_modules/minimatch/node_modules/brace-expansion/index.js
5 verbose stack D node_modules/findup-sync/node_modules/glob/node_modules/minimatch/node_modules/brace-expansion/node_modules/balanced-match/.npmignore
5 verbose stack D node_modules/findup-sync/node_modules/glob/node_modules/minimatch/node_modules/brace-expansion/node_modules/balanced-match/.travis.yml
5 verbose stack D node_modules/findup-sync/node_modules/glob/node_modules/minimatch/node_modules/brace-expansion/node_modules/balanced-match/Makefile
5 verbose stack D node_modules/findup-sync/node_modules/glob/node_modules/minimatch/node_modules/brace-expansion/node_modules/balanced-match/README.md
5 verbose stack D node_modules/findup-sync/node_modules/glob/node_modules/minimatch/node_modules/brace-expansion/node_modules/balanced-match/example.js
5 verbose stack D node_modules/findup-sync/node_modules/glob/node_modules/minimatch/node_modules/brace-expansion/node_modules/balanced-match/index.js
5 verbose stack D node_modules/findup-sync/node_modules/glob/node_modules/minimatch/node_modules/brace-expansion/node_modules/balanced-match/package.json
5 verbose stack D node_modules/findup-sync/node_modules/glob/node_modules/minimatch/node_modules/brace-expansion/node_modules/balanced-match/test/balanced.js
5 verbose stack D node_modules/findup-sync/node_modules/glob/node_modules/minimatch/node_modules/brace-expansion/node_modules/concat-map/.travis.yml
5 verbose stack D node_modules/findup-sync/node_modules/glob/node_modules/minimatch/node_modules/brace-expansion/node_modules/concat-map/LICENSE
5 verbose stack D node_modules/findup-sync/node_modules/glob/node_modules/minimatch/node_modules/brace-expansion/node_modules/concat-map/README.markdown
5 verbose stack D node_modules/findup-sync/node_modules/glob/node_modules/minimatch/node_modules/brace-expansion/node_modules/concat-map/example/map.js
5 verbose stack D node_modules/findup-sync/node_modules/glob/node_modules/minimatch/node_modules/brace-expansion/node_modules/concat-map/index.js
5 verbose stack D node_modules/findup-sync/node_modules/glob/node_modules/minimatch/node_modules/brace-expansion/node_modules/concat-map/package.json
5 verbose stack D node_modules/findup-sync/node_modules/glob/node_modules/minimatch/node_modules/brace-expansion/node_modules/concat-map/test/map.js
5 verbose stack D node_modules/findup-sync/node_modules/glob/node_modules/minimatch/node_modules/brace-expansion/package.json
5 verbose stack D node_modules/findup-sync/node_modules/glob/node_modules/minimatch/package.json
5 verbose stack D node_modules/findup-sync/node_modules/glob/node_modules/once/LICENSE
5 verbose stack D node_modules/findup-sync/node_modules/glob/node_modules/once/README.md
5 verbose stack D node_modules/findup-sync/node_modules/glob/node_modules/once/node_modules/wrappy/LICENSE
5 verbose stack D node_modules/findup-sync/node_modules/glob/node_modules/once/node_modules/wrappy/README.md
5 verbose stack D node_modules/findup-sync/node_modules/glob/node_modules/once/node_modules/wrappy/package.json
5 verbose stack D node_modules/findup-sync/node_modules/glob/node_modules/once/node_modules/wrappy/test/basic.js
5 verbose stack D node_modules/findup-sync/node_modules/glob/node_modules/once/node_modules/wrappy/wrappy.js
5 verbose stack D node_modules/findup-sync/node_modules/glob/node_modules/once/once.js
5 verbose stack D node_modules/findup-sync/node_modules/glob/node_modules/once/package.json
5 verbose stack D node_modules/findup-sync/node_modules/glob/node_modules/once/test/once.js
5 verbose stack D node_modules/findup-sync/node_modules/glob/node_modules/path-is-absolute/index.js
5 verbose stack D node_modules/findup-sync/node_modules/glob/node_modules/path-is-absolute/license
5 verbose stack D node_modules/findup-sync/node_modules/glob/node_modules/path-is-absolute/package.json
5 verbose stack D node_modules/findup-sync/node_modules/glob/node_modules/path-is-absolute/readme.md
5 verbose stack D node_modules/findup-sync/node_modules/glob/package.json
5 verbose stack D node_modules/findup-sync/node_modules/glob/sync.js
5 verbose stack D node_modules/findup-sync/package.json
5 verbose stack D node_modules/nopt/.npmignore
5 verbose stack D node_modules/nopt/.travis.yml
5 verbose stack D node_modules/nopt/LICENSE
5 verbose stack D node_modules/nopt/README.md
5 verbose stack D node_modules/nopt/bin/nopt.js
5 verbose stack D node_modules/nopt/examples/my-program.js
5 verbose stack D node_modules/nopt/lib/nopt.js
5 verbose stack D node_modules/nopt/node_modules/abbrev/.npmignore
5 verbose stack D node_modules/nopt/node_modules/abbrev/.travis.yml
5 verbose stack D node_modules/nopt/node_modules/abbrev/CONTRIBUTING.md
5 verbose stack D node_modules/nopt/node_modules/abbrev/LICENSE
5 verbose stack D node_modules/nopt/node_modules/abbrev/README.md
5 verbose stack D node_modules/nopt/node_modules/abbrev/abbrev.js
5 verbose stack D node_modules/nopt/node_modules/abbrev/package.json
5 verbose stack D node_modules/nopt/node_modules/abbrev/test.js
5 verbose stack D node_modules/nopt/package.json
5 verbose stack D node_modules/nopt/test/basic.js
5 verbose stack M package.json
5 verbose stack     at /Users/Hyunho/.nvm/versions/node/v4.0.0/lib/node_modules/npm/lib/version.js:171:21
5 verbose stack     at ChildProcess.exithandler (child_process.js:194:7)
5 verbose stack     at emitTwo (events.js:87:13)
5 verbose stack     at ChildProcess.emit (events.js:172:7)
5 verbose stack     at maybeClose (internal/child_process.js:817:16)
5 verbose stack     at Socket.<anonymous> (internal/child_process.js:319:11)
5 verbose stack     at emitOne (events.js:77:13)
5 verbose stack     at Socket.emit (events.js:169:7)
5 verbose stack     at Pipe._onclose (net.js:469:12)
6 verbose cwd /Users/Hyunho/Sites/Vagrant/Shared/Fepper/fepper-cli
7 error Darwin 14.5.0
8 error argv "/Users/Hyunho/.nvm/versions/node/v4.0.0/bin/node" "/Users/Hyunho/.nvm/versions/node/v4.0.0/bin/npm" "version" "patch"
9 error node v4.0.0
10 error npm  v2.14.2
11 error Git working directory not clean.
11 error M README.md
11 error D  bin/fp.js
11 error D  completion/bash
11 error D  completion/zsh
11 error D  lib/cli.js
11 error D  lib/completion.js
11 error D  lib/info.js
11 error D node_modules/.bin/nopt
11 error D node_modules/findup-sync/.npmignore
11 error D node_modules/findup-sync/LICENSE-MIT
11 error D node_modules/findup-sync/README.md
11 error D node_modules/findup-sync/lib/findup-sync.js
11 error D node_modules/findup-sync/node_modules/glob/LICENSE
11 error D node_modules/findup-sync/node_modules/glob/README.md
11 error D node_modules/findup-sync/node_modules/glob/common.js
11 error D node_modules/findup-sync/node_modules/glob/glob.js
11 error D node_modules/findup-sync/node_modules/glob/node_modules/inflight/.eslintrc
11 error D node_modules/findup-sync/node_modules/glob/node_modules/inflight/LICENSE
11 error D node_modules/findup-sync/node_modules/glob/node_modules/inflight/README.md
11 error D node_modules/findup-sync/node_modules/glob/node_modules/inflight/inflight.js
11 error D node_modules/findup-sync/node_modules/glob/node_modules/inflight/node_modules/wrappy/LICENSE
11 error D node_modules/findup-sync/node_modules/glob/node_modules/inflight/node_modules/wrappy/README.md
11 error D node_modules/findup-sync/node_modules/glob/node_modules/inflight/node_modules/wrappy/package.json
11 error D node_modules/findup-sync/node_modules/glob/node_modules/inflight/node_modules/wrappy/test/basic.js
11 error D node_modules/findup-sync/node_modules/glob/node_modules/inflight/node_modules/wrappy/wrappy.js
11 error D node_modules/findup-sync/node_modules/glob/node_modules/inflight/package.json
11 error D node_modules/findup-sync/node_modules/glob/node_modules/inflight/test.js
11 error D node_modules/findup-sync/node_modules/glob/node_modules/inherits/LICENSE
11 error D node_modules/findup-sync/node_modules/glob/node_modules/inherits/README.md
11 error D node_modules/findup-sync/node_modules/glob/node_modules/inherits/inherits.js
11 error D node_modules/findup-sync/node_modules/glob/node_modules/inherits/inherits_browser.js
11 error D node_modules/findup-sync/node_modules/glob/node_modules/inherits/package.json
11 error D node_modules/findup-sync/node_modules/glob/node_modules/inherits/test.js
11 error D node_modules/findup-sync/node_modules/glob/node_modules/minimatch/LICENSE
11 error D node_modules/findup-sync/node_modules/glob/node_modules/minimatch/README.md
11 error D node_modules/findup-sync/node_modules/glob/node_modules/minimatch/minimatch.js
11 error D node_modules/findup-sync/node_modules/glob/node_modules/minimatch/node_modules/brace-expansion/.npmignore
11 error D node_modules/findup-sync/node_modules/glob/node_modules/minimatch/node_modules/brace-expansion/README.md
11 error D node_modules/findup-sync/node_modules/glob/node_modules/minimatch/node_modules/brace-expansion/example.js
11 error D node_modules/findup-sync/node_modules/glob/node_modules/minimatch/node_modules/brace-expansion/index.js
11 error D node_modules/findup-sync/node_modules/glob/node_modules/minimatch/node_modules/brace-expansion/node_modules/balanced-match/.npmignore
11 error D node_modules/findup-sync/node_modules/glob/node_modules/minimatch/node_modules/brace-expansion/node_modules/balanced-match/.travis.yml
11 error D node_modules/findup-sync/node_modules/glob/node_modules/minimatch/node_modules/brace-expansion/node_modules/balanced-match/Makefile
11 error D node_modules/findup-sync/node_modules/glob/node_modules/minimatch/node_modules/brace-expansion/node_modules/balanced-match/README.md
11 error D node_modules/findup-sync/node_modules/glob/node_modules/minimatch/node_modules/brace-expansion/node_modules/balanced-match/example.js
11 error D node_modules/findup-sync/node_modules/glob/node_modules/minimatch/node_modules/brace-expansion/node_modules/balanced-match/index.js
11 error D node_modules/findup-sync/node_modules/glob/node_modules/minimatch/node_modules/brace-expansion/node_modules/balanced-match/package.json
11 error D node_modules/findup-sync/node_modules/glob/node_modules/minimatch/node_modules/brace-expansion/node_modules/balanced-match/test/balanced.js
11 error D node_modules/findup-sync/node_modules/glob/node_modules/minimatch/node_modules/brace-expansion/node_modules/concat-map/.travis.yml
11 error D node_modules/findup-sync/node_modules/glob/node_modules/minimatch/node_modules/brace-expansion/node_modules/concat-map/LICENSE
11 error D node_modules/findup-sync/node_modules/glob/node_modules/minimatch/node_modules/brace-expansion/node_modules/concat-map/README.markdown
11 error D node_modules/findup-sync/node_modules/glob/node_modules/minimatch/node_modules/brace-expansion/node_modules/concat-map/example/map.js
11 error D node_modules/findup-sync/node_modules/glob/node_modules/minimatch/node_modules/brace-expansion/node_modules/concat-map/index.js
11 error D node_modules/findup-sync/node_modules/glob/node_modules/minimatch/node_modules/brace-expansion/node_modules/concat-map/package.json
11 error D node_modules/findup-sync/node_modules/glob/node_modules/minimatch/node_modules/brace-expansion/node_modules/concat-map/test/map.js
11 error D node_modules/findup-sync/node_modules/glob/node_modules/minimatch/node_modules/brace-expansion/package.json
11 error D node_modules/findup-sync/node_modules/glob/node_modules/minimatch/package.json
11 error D node_modules/findup-sync/node_modules/glob/node_modules/once/LICENSE
11 error D node_modules/findup-sync/node_modules/glob/node_modules/once/README.md
11 error D node_modules/findup-sync/node_modules/glob/node_modules/once/node_modules/wrappy/LICENSE
11 error D node_modules/findup-sync/node_modules/glob/node_modules/once/node_modules/wrappy/README.md
11 error D node_modules/findup-sync/node_modules/glob/node_modules/once/node_modules/wrappy/package.json
11 error D node_modules/findup-sync/node_modules/glob/node_modules/once/node_modules/wrappy/test/basic.js
11 error D node_modules/findup-sync/node_modules/glob/node_modules/once/node_modules/wrappy/wrappy.js
11 error D node_modules/findup-sync/node_modules/glob/node_modules/once/once.js
11 error D node_modules/findup-sync/node_modules/glob/node_modules/once/package.json
11 error D node_modules/findup-sync/node_modules/glob/node_modules/once/test/once.js
11 error D node_modules/findup-sync/node_modules/glob/node_modules/path-is-absolute/index.js
11 error D node_modules/findup-sync/node_modules/glob/node_modules/path-is-absolute/license
11 error D node_modules/findup-sync/node_modules/glob/node_modules/path-is-absolute/package.json
11 error D node_modules/findup-sync/node_modules/glob/node_modules/path-is-absolute/readme.md
11 error D node_modules/findup-sync/node_modules/glob/package.json
11 error D node_modules/findup-sync/node_modules/glob/sync.js
11 error D node_modules/findup-sync/package.json
11 error D node_modules/nopt/.npmignore
11 error D node_modules/nopt/.travis.yml
11 error D node_modules/nopt/LICENSE
11 error D node_modules/nopt/README.md
11 error D node_modules/nopt/bin/nopt.js
11 error D node_modules/nopt/examples/my-program.js
11 error D node_modules/nopt/lib/nopt.js
11 error D node_modules/nopt/node_modules/abbrev/.npmignore
11 error D node_modules/nopt/node_modules/abbrev/.travis.yml
11 error D node_modules/nopt/node_modules/abbrev/CONTRIBUTING.md
11 error D node_modules/nopt/node_modules/abbrev/LICENSE
11 error D node_modules/nopt/node_modules/abbrev/README.md
11 error D node_modules/nopt/node_modules/abbrev/abbrev.js
11 error D node_modules/nopt/node_modules/abbrev/package.json
11 error D node_modules/nopt/node_modules/abbrev/test.js
11 error D node_modules/nopt/package.json
11 error D node_modules/nopt/test/basic.js
11 error M package.json
12 error If you need help, you may report this error at:
12 error     <https://github.com/npm/npm/issues>
13 verbose exit [ 1, true ]
